<?xml version="1.0" encoding="UTF-8"?>
<!-- Generated by org.testng.reporters.JUnitReportReporter -->
<testsuite skipped="0" hostname="DESKTOP-GK1TVHH" name="test.ValidateUserAddCategoryTest" tests="2" failures="0" timestamp="18 Jun 2023 03:31:45 GMT" time="10.324" errors="0">
  <testcase name="validUserAddsCategoryToDoList" time="9.780" classname="test.ValidateUserAddCategoryTest"/>
  <testcase name="duplicateValueAdded" time="0.544" classname="test.ValidateUserAddCategoryTest"/>
</testsuite> <!-- test.ValidateUserAddCategoryTest -->
