<?xml version="1.0" encoding="UTF-8"?>
<!-- Generated by org.testng.reporters.JUnitReportReporter -->
<testsuite hostname="DESKTOP-UAU9DTT" failures="0" tests="1" name="test.ValidateUserAddCategory" time="2.863" errors="0" timestamp="16 Apr 2023 17:43:58 GMT" skipped="0">
  <testcase classname="test.ValidateUserAddCategory" name="validUserAddsCategoryToDoList" time="2.863"/>
</testsuite> <!-- test.ValidateUserAddCategory -->
