<?xml version="1.0" encoding="UTF-8"?>
<!-- Generated by org.testng.reporters.JUnitReportReporter -->
<testsuite hostname="DESKTOP-UAU9DTT" failures="0" tests="2" name="test.ValidateUserAddCategoryTest" time="9.232" errors="0" timestamp="17 Apr 2023 15:41:53 GMT" skipped="0">
  <testcase classname="test.ValidateUserAddCategoryTest" name="validUserAddsCategoryToDoList" time="8.674"/>
  <testcase classname="test.ValidateUserAddCategoryTest" name="duplicateValueAdded" time="0.558"/>
</testsuite> <!-- test.ValidateUserAddCategoryTest -->
