<?xml version="1.0" encoding="UTF-8"?>
<!-- Generated by org.testng.reporters.JUnitReportReporter -->
<testsuite skipped="0" hostname="DESKTOP-GK1TVHH" name="test.ValidateUserAddCategoryTest" tests="2" failures="0" timestamp="22 Apr 2023 22:29:10 GMT" time="12.525" errors="0">
  <testcase name="validUserAddsCategoryToDoList" time="12.004" classname="test.ValidateUserAddCategoryTest"/>
  <testcase name="duplicateValueAdded" time="0.521" classname="test.ValidateUserAddCategoryTest"/>
</testsuite> <!-- test.ValidateUserAddCategoryTest -->
