<?xml version="1.0" encoding="UTF-8"?>
<!-- Generated by org.testng.reporters.JUnitReportReporter -->
<testsuite hostname="DESKTOP-UAU9DTT" failures="0" tests="2" name="test.ValidateUserAddCategoryTest" time="10.733" errors="0" timestamp="21 Apr 2023 04:59:28 GMT" skipped="0">
  <testcase classname="test.ValidateUserAddCategoryTest" name="validUserAddsCategoryToDoList" time="10.097"/>
  <testcase classname="test.ValidateUserAddCategoryTest" name="duplicateValueAdded" time="0.636"/>
</testsuite> <!-- test.ValidateUserAddCategoryTest -->
